<?xml version="1.0" encoding="UTF-8"?>
<!-- Generated by org.testng.reporters.JUnitReportReporter -->
<testsuite hostname="DESKTOP-S16N51Q" failures="0" tests="1" name="com.actitime.testscript.CustomerModule" time="0.009" errors="0" timestamp="03 May 2022 06:30:51 GMT" skipped="0">
  <testcase classname="com.actitime.testscript.CustomerModule" name="createCustomer" time="0.009"/>
</testsuite> <!-- com.actitime.testscript.CustomerModule -->
